{"total": {"lines":{"total":178,"covered":152,"skipped":0,"pct":85.39},"statements":{"total":196,"covered":162,"skipped":0,"pct":82.65},"functions":{"total":31,"covered":28,"skipped":0,"pct":90.32},"branches":{"total":115,"covered":94,"skipped":0,"pct":81.73},"branchesTrue":{"total":0,"covered":0,"skipped":0,"pct":100}}
,"/tmp/test-mvc/src/app.js": {"lines":{"total":18,"covered":16,"skipped":0,"pct":88.88},"functions":{"total":5,"covered":4,"skipped":0,"pct":80},"statements":{"total":18,"covered":16,"skipped":0,"pct":88.88},"branches":{"total":0,"covered":0,"skipped":0,"pct":100}}
,"/tmp/test-mvc/src/config/database.js": {"lines":{"total":34,"covered":14,"skipped":0,"pct":41.17},"functions":{"total":3,"covered":2,"skipped":0,"pct":66.66},"statements":{"total":35,"covered":14,"skipped":0,"pct":40},"branches":{"total":13,"covered":3,"skipped":0,"pct":23.07}}
,"/tmp/test-mvc/src/controllers/clienteController.js": {"lines":{"total":36,"covered":35,"skipped":0,"pct":97.22},"functions":{"total":6,"covered":6,"skipped":0,"pct":100},"statements":{"total":44,"covered":41,"skipped":0,"pct":93.18},"branches":{"total":43,"covered":39,"skipped":0,"pct":90.69}}
,"/tmp/test-mvc/src/controllers/visitaController.js": {"lines":{"total":43,"covered":40,"skipped":0,"pct":93.02},"functions":{"total":6,"covered":5,"skipped":0,"pct":83.33},"statements":{"total":50,"covered":43,"skipped":0,"pct":86},"branches":{"total":47,"covered":41,"skipped":0,"pct":87.23}}
,"/tmp/test-mvc/src/models/clienteModel.js": {"lines":{"total":15,"covered":15,"skipped":0,"pct":100},"functions":{"total":5,"covered":5,"skipped":0,"pct":100},"statements":{"total":16,"covered":16,"skipped":0,"pct":100},"branches":{"total":6,"covered":6,"skipped":0,"pct":100}}
,"/tmp/test-mvc/src/models/visitaModel.js": {"lines":{"total":16,"covered":16,"skipped":0,"pct":100},"functions":{"total":6,"covered":6,"skipped":0,"pct":100},"statements":{"total":17,"covered":16,"skipped":0,"pct":94.11},"branches":{"total":6,"covered":5,"skipped":0,"pct":83.33}}
,"/tmp/test-mvc/src/routes/clienteRoutes.js": {"lines":{"total":8,"covered":8,"skipped":0,"pct":100},"functions":{"total":0,"covered":0,"skipped":0,"pct":100},"statements":{"total":8,"covered":8,"skipped":0,"pct":100},"branches":{"total":0,"covered":0,"skipped":0,"pct":100}}
,"/tmp/test-mvc/src/routes/visitaRoutes.js": {"lines":{"total":8,"covered":8,"skipped":0,"pct":100},"functions":{"total":0,"covered":0,"skipped":0,"pct":100},"statements":{"total":8,"covered":8,"skipped":0,"pct":100},"branches":{"total":0,"covered":0,"skipped":0,"pct":100}}
}
